<?xml version="1.0" encoding="UTF-8"?>
<!-- Generated by org.testng.reporters.JUnitXMLReporter -->
<testsuite ignored="0" hostname="LAPTOP-KKVPCLCR" failures="0" tests="4" name="register Test" time="13.758" errors="0" timestamp="18 Aug 2022 14:19:18 GMT">
  <testcase classname="test.RgstrTest" name="rgstrSucssfl" time="13.734"/>
  <testcase classname="test.RgstrTest" name="logoutSucssfl" time="0.001"/>
  <testcase classname="test.RgstrTest" name="loginSucssfl" time="0.001"/>
  <testcase classname="test.RgstrTest" name="chngPswrdSucsfl" time="0.001"/>
</testsuite> <!-- register Test -->
