<?xml version="1.0" encoding="UTF-8"?>
<!-- Generated by org.testng.reporters.JUnitXMLReporter -->
<testsuite ignored="0" hostname="LAPTOP-KKVPCLCR" failures="0" tests="4" name="regression Test" time="13.75" errors="0" timestamp="18 Aug 2022 13:31:06 GMT">
  <testcase classname="test.RgstrTest" name="rgstrSucssfl" time="13.722"/>
  <testcase classname="test.RgstrTest" name="logoutSucssfl" time="0.0"/>
  <testcase classname="test.RgstrTest" name="loginSucssfl" time="0.001"/>
  <testcase classname="test.RgstrTest" name="chngPswrdSucsfl" time="0.001"/>
</testsuite> <!-- regression Test -->
