<?xml version="1.0" encoding="UTF-8"?>
<!-- Generated by org.testng.reporters.JUnitXMLReporter -->
<testsuite ignored="0" hostname="LAPTOP-KKVPCLCR" failures="0" tests="4" name="regression Test" time="13.122" errors="0" timestamp="18 Aug 2022 07:01:21 GMT">
  <testcase classname="test.RgstrTest" name="rgstrSucssfl" time="3.108"/>
  <testcase classname="test.RgstrTest" name="logoutSucssfl" time="1.011"/>
  <testcase classname="test.RgstrTest" name="loginSucssfl" time="2.056"/>
  <testcase classname="test.RgstrTest" name="chngPswrdSucsfl" time="6.936"/>
</testsuite> <!-- regression Test -->
