<?xml version="1.0" encoding="UTF-8"?>
<testng-results ignored="0" total="5" passed="4" failed="1" skipped="0">
  <reporter-output>
  </reporter-output>
  <suite started-at="2022-08-18T14:19:04Z" name="FP-EMPLR Suite" finished-at="2022-08-18T14:19:18Z" duration-ms="14020">
    <groups>
    </groups>
    <test started-at="2022-08-18T14:19:04Z" name="register Test" finished-at="2022-08-18T14:19:18Z" duration-ms="13758">
      <class name="test.RgstrTest">
        <test-method signature="rgstrSucssfl()[pri:0, instance:test.RgstrTest@b7f23d9]" started-at="2022-08-18T14:19:04Z" name="rgstrSucssfl" finished-at="2022-08-18T14:19:18Z" duration-ms="13734" status="PASS">
          <reporter-output>
          </reporter-output>
        </test-method> <!-- rgstrSucssfl -->
        <test-method signature="logoutSucssfl()[pri:0, instance:test.RgstrTest@b7f23d9]" started-at="2022-08-18T14:19:18Z" name="logoutSucssfl" finished-at="2022-08-18T14:19:18Z" depends-on-methods="test.RgstrTest.rgstrSucssfl" duration-ms="1" status="PASS">
          <reporter-output>
          </reporter-output>
        </test-method> <!-- logoutSucssfl -->
        <test-method signature="loginSucssfl()[pri:0, instance:test.RgstrTest@b7f23d9]" started-at="2022-08-18T14:19:18Z" name="loginSucssfl" finished-at="2022-08-18T14:19:18Z" depends-on-methods="test.RgstrTest.logoutSucssfl" duration-ms="1" status="PASS">
          <reporter-output>
          </reporter-output>
        </test-method> <!-- loginSucssfl -->
        <test-method signature="chngPswrdSucsfl()[pri:0, instance:test.RgstrTest@b7f23d9]" started-at="2022-08-18T14:19:18Z" name="chngPswrdSucsfl" finished-at="2022-08-18T14:19:18Z" depends-on-methods="test.RgstrTest.loginSucssfl" duration-ms="1" status="PASS">
          <reporter-output>
          </reporter-output>
        </test-method> <!-- chngPswrdSucsfl -->
      </class> <!-- test.RgstrTest -->
    </test> <!-- register Test -->
    <test started-at="2022-08-18T14:19:18Z" name="Login Test" finished-at="2022-08-18T14:19:18Z" duration-ms="224">
      <class name="test.ContactUsTest">
        <test-method is-config="true" signature="startDriver(java.lang.String)[pri:0, instance:test.ContactUsTest@7f77e91b]" started-at="2022-08-18T14:18:52Z" name="startDriver" finished-at="2022-08-18T14:19:04Z" duration-ms="11649" status="PASS">
          <params>
            <param index="0">
              <value>
                <![CDATA[firefox]]>
              </value>
            </param>
          </params>
          <reporter-output>
          </reporter-output>
        </test-method> <!-- startDriver -->
        <test-method signature="ContactUsSucssfl()[pri:0, instance:test.ContactUsTest@7f77e91b]" started-at="2022-08-18T14:19:18Z" name="ContactUsSucssfl" finished-at="2022-08-18T14:19:18Z" duration-ms="213" status="FAIL">
          <exception class="org.openqa.selenium.NoSuchElementException">
            <message>
              <![CDATA[Unable to locate element: #FullName
For documentation on this error, please visit: http://seleniumhq.org/exceptions/no_such_element.html
Build info: version: '3.12.0', revision: '7c6e0b3', time: '2018-05-08T14:04:26.12Z'
System info: host: 'LAPTOP-KKVPCLCR', ip: '192.168.1.2', os.name: 'Windows 10', os.arch: 'amd64', os.version: '10.0', java.version: '18.0.2'
Driver info: org.openqa.selenium.firefox.FirefoxDriver
Capabilities {acceptInsecureCerts: true, browserName: firefox, browserVersion: 103.0.2, javascriptEnabled: true, moz:accessibilityChecks: false, moz:buildID: 20220808125904, moz:geckodriverVersion: 0.24.0, moz:headless: false, moz:platformVersion: 10.0, moz:processID: 3288, moz:profile: C:\Users\HOSSAM~1\AppData\L..., moz:shutdownTimeout: 60000, moz:useNonSpecCompliantPointerOrigin: false, moz:webdriverClick: true, moz:windowless: false, pageLoadStrategy: normal, platform: WINDOWS, platformName: WINDOWS, proxy: Proxy(), setWindowRect: true, strictFileInteractability: false, timeouts: {implicit: 0, pageLoad: 300000, script: 30000}, unhandledPromptBehavior: dismiss and notify}
Session ID: 930a2bc2-511c-4200-962d-3fa996ee9925
*** Element info: {Using=id, value=FullName}]]>
            </message>
            <full-stacktrace>
              <![CDATA[org.openqa.selenium.NoSuchElementException: Unable to locate element: #FullName
For documentation on this error, please visit: http://seleniumhq.org/exceptions/no_such_element.html
Build info: version: '3.12.0', revision: '7c6e0b3', time: '2018-05-08T14:04:26.12Z'
System info: host: 'LAPTOP-KKVPCLCR', ip: '192.168.1.2', os.name: 'Windows 10', os.arch: 'amd64', os.version: '10.0', java.version: '18.0.2'
Driver info: org.openqa.selenium.firefox.FirefoxDriver
Capabilities {acceptInsecureCerts: true, browserName: firefox, browserVersion: 103.0.2, javascriptEnabled: true, moz:accessibilityChecks: false, moz:buildID: 20220808125904, moz:geckodriverVersion: 0.24.0, moz:headless: false, moz:platformVersion: 10.0, moz:processID: 3288, moz:profile: C:\Users\HOSSAM~1\AppData\L..., moz:shutdownTimeout: 60000, moz:useNonSpecCompliantPointerOrigin: false, moz:webdriverClick: true, moz:windowless: false, pageLoadStrategy: normal, platform: WINDOWS, platformName: WINDOWS, proxy: Proxy(), setWindowRect: true, strictFileInteractability: false, timeouts: {implicit: 0, pageLoad: 300000, script: 30000}, unhandledPromptBehavior: dismiss and notify}
Session ID: 930a2bc2-511c-4200-962d-3fa996ee9925
*** Element info: {Using=id, value=FullName}
at java.base/jdk.internal.reflect.DirectConstructorHandleAccessor.newInstance(DirectConstructorHandleAccessor.java:67)
at java.base/java.lang.reflect.Constructor.newInstanceWithCaller(Constructor.java:499)
at java.base/java.lang.reflect.Constructor.newInstance(Constructor.java:483)
at org.openqa.selenium.remote.http.W3CHttpResponseCodec.createException(W3CHttpResponseCodec.java:187)
at org.openqa.selenium.remote.http.W3CHttpResponseCodec.decode(W3CHttpResponseCodec.java:122)
at org.openqa.selenium.remote.http.W3CHttpResponseCodec.decode(W3CHttpResponseCodec.java:49)
at org.openqa.selenium.remote.HttpCommandExecutor.execute(HttpCommandExecutor.java:158)
at org.openqa.selenium.remote.service.DriverCommandExecutor.execute(DriverCommandExecutor.java:83)
at org.openqa.selenium.remote.RemoteWebDriver.execute(RemoteWebDriver.java:543)
at org.openqa.selenium.remote.RemoteWebDriver.findElement(RemoteWebDriver.java:317)
at org.openqa.selenium.remote.RemoteWebDriver.findElementById(RemoteWebDriver.java:363)
at org.openqa.selenium.By$ById.findElement(By.java:188)
at org.openqa.selenium.remote.RemoteWebDriver.findElement(RemoteWebDriver.java:309)
at org.openqa.selenium.support.pagefactory.DefaultElementLocator.findElement(DefaultElementLocator.java:69)
at org.openqa.selenium.support.pagefactory.internal.LocatingElementHandler.invoke(LocatingElementHandler.java:38)
at jdk.proxy2/jdk.proxy2.$Proxy12.sendKeys(Unknown Source)
at pages.PageBase.typ(PageBase.java:26)
at pages.ContactUsPage.contactUsFunc(ContactUsPage.java:16)
at test.ContactUsTest.ContactUsSucssfl(ContactUsTest.java:17)
at java.base/jdk.internal.reflect.DirectMethodHandleAccessor.invoke(DirectMethodHandleAccessor.java:104)
at java.base/java.lang.reflect.Method.invoke(Method.java:577)
at org.testng.internal.MethodInvocationHelper.invokeMethod(MethodInvocationHelper.java:124)
at org.testng.internal.Invoker.invokeMethod(Invoker.java:583)
at org.testng.internal.Invoker.invokeTestMethod(Invoker.java:719)
at org.testng.internal.Invoker.invokeTestMethods(Invoker.java:989)
at org.testng.internal.TestMethodWorker.invokeTestMethods(TestMethodWorker.java:125)
at org.testng.internal.TestMethodWorker.run(TestMethodWorker.java:109)
at org.testng.TestRunner.privateRun(TestRunner.java:648)
at org.testng.TestRunner.run(TestRunner.java:505)
at org.testng.SuiteRunner.runTest(SuiteRunner.java:455)
at org.testng.SuiteRunner.runSequentially(SuiteRunner.java:450)
at org.testng.SuiteRunner.privateRun(SuiteRunner.java:415)
at org.testng.SuiteRunner.run(SuiteRunner.java:364)
at org.testng.SuiteRunnerWorker.runSuite(SuiteRunnerWorker.java:52)
at org.testng.SuiteRunnerWorker.run(SuiteRunnerWorker.java:84)
at org.testng.TestNG.runSuitesSequentially(TestNG.java:1208)
at org.testng.TestNG.runSuitesLocally(TestNG.java:1137)
at org.testng.TestNG.runSuites(TestNG.java:1049)
at org.testng.TestNG.run(TestNG.java:1017)
at org.apache.maven.surefire.testng.TestNGExecutor.run(TestNGExecutor.java:283)
at org.apache.maven.surefire.testng.TestNGXmlTestSuite.execute(TestNGXmlTestSuite.java:75)
at org.apache.maven.surefire.testng.TestNGProvider.invoke(TestNGProvider.java:120)
at org.apache.maven.surefire.booter.ForkedBooter.invokeProviderInSameClassLoader(ForkedBooter.java:379)
at org.apache.maven.surefire.booter.ForkedBooter.runSuitesInProcess(ForkedBooter.java:340)
at org.apache.maven.surefire.booter.ForkedBooter.execute(ForkedBooter.java:125)
at org.apache.maven.surefire.booter.ForkedBooter.main(ForkedBooter.java:413)
]]>
            </full-stacktrace>
          </exception> <!-- org.openqa.selenium.NoSuchElementException -->
          <reporter-output>
          </reporter-output>
        </test-method> <!-- ContactUsSucssfl -->
        <test-method is-config="true" signature="closeDriver()[pri:0, instance:test.ContactUsTest@7f77e91b]" started-at="2022-08-18T14:19:18Z" name="closeDriver" finished-at="2022-08-18T14:19:28Z" duration-ms="10315" status="PASS">
          <reporter-output>
          </reporter-output>
        </test-method> <!-- closeDriver -->
      </class> <!-- test.ContactUsTest -->
    </test> <!-- Login Test -->
  </suite> <!-- FP-EMPLR Suite -->
</testng-results>
