<?xml version="1.0" encoding="UTF-8"?>
<testsuite xmlns:xsi="http://www.w3.org/2001/XMLSchema-instance" xsi:noNamespaceSchemaLocation="https://maven.apache.org/surefire/maven-surefire-plugin/xsd/surefire-test-report.xsd" name="TestSuite" time="36.394" tests="5" errors="0" skipped="0" failures="1">
  <properties>
[...]
</properties>
  <testcase name="rgstrSucssfl" classname="test.RgstrTest" time="13.735"/>
  <testcase name="logoutSucssfl" classname="test.RgstrTest" time="0"/>
  <testcase name="loginSucssfl" classname="test.RgstrTest" time="0"/>
  <testcase name="chngPswrdSucsfl" classname="test.RgstrTest" time="0"/>
  <testcase name="ContactUsSucssfl" classname="test.ContactUsTest" time="0.226">
    <failure message="Unable to locate element: #FullName&#10;For documentation on this error, please visit: http://seleniumhq.org/exceptions/no_such_element.html&#10;Build info: version: &apos;3.12.0&apos;, revision: &apos;7c6e0b3&apos;, time: &apos;2018-05-08T14:04:26.12Z&apos;&#10;System info: host: &apos;LAPTOP-KKVPCLCR&apos;, ip: &apos;192.168.1.2&apos;, os.name: &apos;Windows 10&apos;, os.arch: &apos;amd64&apos;, os.version: &apos;10.0&apos;, java.version: &apos;18.0.2&apos;&#10;Driver info: org.openqa.selenium.firefox.FirefoxDriver&#10;Capabilities {acceptInsecureCerts: true, browserName: firefox, browserVersion: 103.0.2, javascriptEnabled: true, moz:accessibilityChecks: false, moz:buildID: 20220808125904, moz:geckodriverVersion: 0.24.0, moz:headless: false, moz:platformVersion: 10.0, moz:processID: 3288, moz:profile: C:\Users\HOSSAM~1\AppData\L..., moz:shutdownTimeout: 60000, moz:useNonSpecCompliantPointerOrigin: false, moz:webdriverClick: true, moz:windowless: false, pageLoadStrategy: normal, platform: WINDOWS, platformName: WINDOWS, proxy: Proxy(), setWindowRect: true, strictFileInteractability: false, timeouts: {implicit: 0, pageLoad: 300000, script: 30000}, unhandledPromptBehavior: dismiss and notify}&#10;Session ID: 930a2bc2-511c-4200-962d-3fa996ee9925&#10;*** Element info: {Using=id, value=FullName}" type="org.openqa.selenium.NoSuchElementException">org.openqa.selenium.NoSuchElementException: 
Unable to locate element: #FullName
For documentation on this error, please visit: http://seleniumhq.org/exceptions/no_such_element.html
Build info: version: '3.12.0', revision: '7c6e0b3', time: '2018-05-08T14:04:26.12Z'
System info: host: 'LAPTOP-KKVPCLCR', ip: '192.168.1.2', os.name: 'Windows 10', os.arch: 'amd64', os.version: '10.0', java.version: '18.0.2'
Driver info: org.openqa.selenium.firefox.FirefoxDriver
Capabilities {acceptInsecureCerts: true, browserName: firefox, browserVersion: 103.0.2, javascriptEnabled: true, moz:accessibilityChecks: false, moz:buildID: 20220808125904, moz:geckodriverVersion: 0.24.0, moz:headless: false, moz:platformVersion: 10.0, moz:processID: 3288, moz:profile: C:\Users\HOSSAM~1\AppData\L..., moz:shutdownTimeout: 60000, moz:useNonSpecCompliantPointerOrigin: false, moz:webdriverClick: true, moz:windowless: false, pageLoadStrategy: normal, platform: WINDOWS, platformName: WINDOWS, proxy: Proxy(), setWindowRect: true, strictFileInteractability: false, timeouts: {implicit: 0, pageLoad: 300000, script: 30000}, unhandledPromptBehavior: dismiss and notify}
Session ID: 930a2bc2-511c-4200-962d-3fa996ee9925
*** Element info: {Using=id, value=FullName}
	at test.ContactUsTest.ContactUsSucssfl(ContactUsTest.java:17)
</failure>
  </testcase>
</testsuite>